23-Jul-2020 21:10:55.415 INFO [main] org.apache.catalina.startup.VersionLoggerListener.log Server version name:   Apache Tomcat/9.0.37
23-Jul-2020 21:10:55.420 INFO [main] org.apache.catalina.startup.VersionLoggerListener.log Server built:          Jun 30 2020 20:09:49 UTC
23-Jul-2020 21:10:55.421 INFO [main] org.apache.catalina.startup.VersionLoggerListener.log Server version number: 9.0.37.0
23-Jul-2020 21:10:55.421 INFO [main] org.apache.catalina.startup.VersionLoggerListener.log OS Name:               Windows 8.1
23-Jul-2020 21:10:55.421 INFO [main] org.apache.catalina.startup.VersionLoggerListener.log OS Version:            6.3
23-Jul-2020 21:10:55.421 INFO [main] org.apache.catalina.startup.VersionLoggerListener.log Architecture:          amd64
23-Jul-2020 21:10:55.422 INFO [main] org.apache.catalina.startup.VersionLoggerListener.log Java Home:             C:\Program Files\Java\jre1.8.0_221
23-Jul-2020 21:10:55.422 INFO [main] org.apache.catalina.startup.VersionLoggerListener.log JVM Version:           1.8.0_221-b11
23-Jul-2020 21:10:55.422 INFO [main] org.apache.catalina.startup.VersionLoggerListener.log JVM Vendor:            Oracle Corporation
23-Jul-2020 21:10:55.422 INFO [main] org.apache.catalina.startup.VersionLoggerListener.log CATALINA_BASE:         D:\CSDL\bai9\apache-tomcat-9.0.37
23-Jul-2020 21:10:55.422 INFO [main] org.apache.catalina.startup.VersionLoggerListener.log CATALINA_HOME:         D:\CSDL\bai9\apache-tomcat-9.0.37
23-Jul-2020 21:10:55.428 INFO [main] org.apache.catalina.startup.VersionLoggerListener.log Command line argument: -Djava.util.logging.config.file=D:\CSDL\bai9\apache-tomcat-9.0.37\conf\logging.properties
23-Jul-2020 21:10:55.429 INFO [main] org.apache.catalina.startup.VersionLoggerListener.log Command line argument: -Djava.util.logging.manager=org.apache.juli.ClassLoaderLogManager
23-Jul-2020 21:10:55.430 INFO [main] org.apache.catalina.startup.VersionLoggerListener.log Command line argument: -Djdk.tls.ephemeralDHKeySize=2048
23-Jul-2020 21:10:55.430 INFO [main] org.apache.catalina.startup.VersionLoggerListener.log Command line argument: -Djava.protocol.handler.pkgs=org.apache.catalina.webresources
23-Jul-2020 21:10:55.431 INFO [main] org.apache.catalina.startup.VersionLoggerListener.log Command line argument: -Dignore.endorsed.dirs=
23-Jul-2020 21:10:55.431 INFO [main] org.apache.catalina.startup.VersionLoggerListener.log Command line argument: -Dcatalina.base=D:\CSDL\bai9\apache-tomcat-9.0.37
23-Jul-2020 21:10:55.432 INFO [main] org.apache.catalina.startup.VersionLoggerListener.log Command line argument: -Dcatalina.home=D:\CSDL\bai9\apache-tomcat-9.0.37
23-Jul-2020 21:10:55.433 INFO [main] org.apache.catalina.startup.VersionLoggerListener.log Command line argument: -Djava.io.tmpdir=D:\CSDL\bai9\apache-tomcat-9.0.37\temp
23-Jul-2020 21:10:55.433 INFO [main] org.apache.catalina.core.AprLifecycleListener.lifecycleEvent The Apache Tomcat Native library which allows using OpenSSL was not found on the java.library.path: [C:\Program Files\Java\jre1.8.0_221\bin;C:\Windows\Sun\Java\bin;C:\Windows\system32;C:\Windows;C:\Program Files (x86)\Common Files\Oracle\Java\javapath;C:\Windows\system32;C:\Windows;C:\Windows\System32\Wbem;C:\Windows\System32\WindowsPowerShell\v1.0\;C:\Program Files\Git\cmd;C:\Users\viiet\anaconda3;C:\Users\viiet\anaconda3\Library\mingw-w64\bin;C:\Users\viiet\anaconda3\Library\usr\bin;C:\Users\viiet\anaconda3\Library\bin;C:\Users\viiet\anaconda3\Scripts;C:\Users\viiet\AppData\Local\Programs\Python\Python38-32\Scripts\;C:\Users\viiet\AppData\Local\Programs\Python\Python38-32\;C:\Program Files\MySQL\MySQL Shell 8.0\bin\;C:\Program Files\JetBrains\PyCharm Community Edition 2020.1.3\bin;;C:\Program Files\JetBrains\IntelliJ IDEA Community Edition 2020.1.4\bin;;C:\Program Files\JetBrains\IntelliJ IDEA 2020.1.4\bin;;.]
23-Jul-2020 21:10:55.985 INFO [main] org.apache.coyote.AbstractProtocol.init Initializing ProtocolHandler ["http-nio-8080"]
23-Jul-2020 21:10:56.130 INFO [main] org.apache.catalina.startup.Catalina.load Server initialization in [1162] milliseconds
23-Jul-2020 21:10:56.187 INFO [main] org.apache.catalina.core.StandardService.startInternal Starting service [Catalina]
23-Jul-2020 21:10:56.187 INFO [main] org.apache.catalina.core.StandardEngine.startInternal Starting Servlet engine: [Apache Tomcat/9.0.37]
23-Jul-2020 21:10:56.215 INFO [main] org.apache.catalina.startup.HostConfig.deployDirectory Deploying web application directory [D:\CSDL\bai9\apache-tomcat-9.0.37\webapps\docs]
23-Jul-2020 21:10:56.753 INFO [main] org.apache.catalina.startup.HostConfig.deployDirectory Deployment of web application directory [D:\CSDL\bai9\apache-tomcat-9.0.37\webapps\docs] has finished in [536] ms
23-Jul-2020 21:10:56.754 INFO [main] org.apache.catalina.startup.HostConfig.deployDirectory Deploying web application directory [D:\CSDL\bai9\apache-tomcat-9.0.37\webapps\examples]
23-Jul-2020 21:10:57.370 INFO [main] org.apache.catalina.startup.HostConfig.deployDirectory Deployment of web application directory [D:\CSDL\bai9\apache-tomcat-9.0.37\webapps\examples] has finished in [616] ms
23-Jul-2020 21:10:57.371 INFO [main] org.apache.catalina.startup.HostConfig.deployDirectory Deploying web application directory [D:\CSDL\bai9\apache-tomcat-9.0.37\webapps\host-manager]
23-Jul-2020 21:10:57.453 INFO [main] org.apache.catalina.startup.HostConfig.deployDirectory Deployment of web application directory [D:\CSDL\bai9\apache-tomcat-9.0.37\webapps\host-manager] has finished in [81] ms
23-Jul-2020 21:10:57.453 INFO [main] org.apache.catalina.startup.HostConfig.deployDirectory Deploying web application directory [D:\CSDL\bai9\apache-tomcat-9.0.37\webapps\manager]
23-Jul-2020 21:10:57.494 INFO [main] org.apache.catalina.startup.HostConfig.deployDirectory Deployment of web application directory [D:\CSDL\bai9\apache-tomcat-9.0.37\webapps\manager] has finished in [40] ms
23-Jul-2020 21:10:57.495 INFO [main] org.apache.catalina.startup.HostConfig.deployDirectory Deploying web application directory [D:\CSDL\bai9\apache-tomcat-9.0.37\webapps\ROOT]
23-Jul-2020 21:10:57.548 INFO [main] org.apache.catalina.startup.HostConfig.deployDirectory Deployment of web application directory [D:\CSDL\bai9\apache-tomcat-9.0.37\webapps\ROOT] has finished in [53] ms
23-Jul-2020 21:10:57.554 INFO [main] org.apache.coyote.AbstractProtocol.start Starting ProtocolHandler ["http-nio-8080"]
23-Jul-2020 21:10:57.569 INFO [main] org.apache.catalina.startup.Catalina.start Server startup in [1437] milliseconds
